This is pdfTeX, Version 3.14159265-2.6-1.40.19 (MiKTeX 2.9.6840 64-bit) (preloaded format=pdflatex 2018.10.30)  26 NOV 2018 22:42
entering extended mode
**./Diplomaterv.tex
(Diplomaterv.tex
LaTeX2e <2018-04-01> patch level 5
("C:\Users\Balazs\AppData\Local\Programs\MiKTeX 2.9\tex\latex\base\report.cls"
Document Class: report 2014/09/29 v1.4h Standard LaTeX document class
("C:\Users\Balazs\AppData\Local\Programs\MiKTeX 2.9\tex\latex\base\size11.clo"
File: size11.clo 2014/09/29 v1.4h Standard LaTeX file (size option)
)
\c@part=\count80
\c@chapter=\count81
\c@section=\count82
\c@subsection=\count83
\c@subsubsection=\count84
\c@paragraph=\count85
\c@subparagraph=\count86
\c@figure=\count87
\c@table=\count88
\abovecaptionskip=\skip41
\belowcaptionskip=\skip42
\bibindent=\dimen102
) ("C:\Users\Balazs\AppData\Local\Programs\MiKTeX 2.9\tex\latex\base\t1enc.sty"
Package: t1enc 1994/06/01 Standard LaTeX package
)
("C:\Users\Balazs\AppData\Local\Programs\MiKTeX 2.9\tex\latex\base\inputenc.sty
"
Package: inputenc 2018/04/06 v1.3b Input encoding file
\inpenc@prehook=\toks14
\inpenc@posthook=\toks15
 ("C:\Users\Balazs\AppData\Local\Programs\MiKTeX 2.9\tex\latex\base\latin2.def"
File: latin2.def 2018/04/06 v1.3b Input encoding file
))
("C:\Users\Balazs\AppData\Local\Programs\MiKTeX 2.9\tex\latex\amsmath\amsmath.s
ty"
Package: amsmath 2017/09/02 v2.17a AMS math features
\@mathmargin=\skip43

For additional information on amsmath, use the `?' option.

("C:\Users\Balazs\AppData\Local\Programs\MiKTeX 2.9\tex\latex\amsmath\amstext.s
ty"
Package: amstext 2000/06/29 v2.01 AMS text

("C:\Users\Balazs\AppData\Local\Programs\MiKTeX 2.9\tex\latex\amsmath\amsgen.st
y"
File: amsgen.sty 1999/11/30 v2.0 generic functions
\@emptytoks=\toks16
\ex@=\dimen103
))
("C:\Users\Balazs\AppData\Local\Programs\MiKTeX 2.9\tex\latex\amsmath\amsbsy.st
y"
Package: amsbsy 1999/11/29 v1.2d Bold Symbols
\pmbraise@=\dimen104
)
("C:\Users\Balazs\AppData\Local\Programs\MiKTeX 2.9\tex\latex\amsmath\amsopn.st
y"
Package: amsopn 2016/03/08 v2.02 operator names
)
\inf@bad=\count89
LaTeX Info: Redefining \frac on input line 213.
\uproot@=\count90
\leftroot@=\count91
LaTeX Info: Redefining \overline on input line 375.
\classnum@=\count92
\DOTSCASE@=\count93
LaTeX Info: Redefining \ldots on input line 472.
LaTeX Info: Redefining \dots on input line 475.
LaTeX Info: Redefining \cdots on input line 596.
\Mathstrutbox@=\box26
\strutbox@=\box27
\big@size=\dimen105
LaTeX Font Info:    Redeclaring font encoding OML on input line 712.
LaTeX Font Info:    Redeclaring font encoding OMS on input line 713.
\macc@depth=\count94
\c@MaxMatrixCols=\count95
\dotsspace@=\muskip10
\c@parentequation=\count96
\dspbrk@lvl=\count97
\tag@help=\toks17
\row@=\count98
\column@=\count99
\maxfields@=\count100
\andhelp@=\toks18
\eqnshift@=\dimen106
\alignsep@=\dimen107
\tagshift@=\dimen108
\tagwidth@=\dimen109
\totwidth@=\dimen110
\lineht@=\dimen111
\@envbody=\toks19
\multlinegap=\skip44
\multlinetaggap=\skip45
\mathdisplay@stack=\toks20
LaTeX Info: Redefining \[ on input line 2817.
LaTeX Info: Redefining \] on input line 2818.
)
("C:\Users\Balazs\AppData\Local\Programs\MiKTeX 2.9\tex\latex\amsfonts\amssymb.
sty"
Package: amssymb 2013/01/14 v3.01 AMS font symbols

("C:\Users\Balazs\AppData\Local\Programs\MiKTeX 2.9\tex\latex\amsfonts\amsfonts
.sty"
Package: amsfonts 2013/01/14 v3.01 Basic AMSFonts support
\symAMSa=\mathgroup4
\symAMSb=\mathgroup5
LaTeX Font Info:    Overwriting math alphabet `\mathfrak' in version `bold'
(Font)                  U/euf/m/n --> U/euf/b/n on input line 106.
))
("C:\Users\Balazs\AppData\Local\Programs\MiKTeX 2.9\tex\latex\tools\enumerate.s
ty"
Package: enumerate 2015/07/23 v3.00 enumerate extensions (DPC)
\@enLab=\toks21
)
("C:\Users\Balazs\AppData\Local\Programs\MiKTeX 2.9\tex\latex\ntheorem\ntheorem
.sty"
Style `ntheorem', Version 1.33 <2011/08/15>
Package: ntheorem 2011/08/15 1.33
("C:\Users\Balazs\AppData\Local\Programs\MiKTeX 2.9\tex\latex\base\ifthen.sty"
Package: ifthen 2014/09/29 v1.1c Standard LaTeX ifthen package (DPC)
)
\theorem@style=\toks22
\theorem@@style=\toks23
\theorembodyfont=\toks24
\theoremnumbering=\toks25
\theorempreskipamount=\skip46
\theorempostskipamount=\skip47
\theoremframepreskipamount=\skip48
\theoremframepostskipamount=\skip49
\theoreminframepreskipamount=\skip50
\theoreminframepostskipamount=\skip51
\theorem@preskip=\toks26
\theorem@postskip=\toks27
\theorem@framepreskip=\toks28
\theorem@framepostskip=\toks29
\theorem@inframepreskip=\toks30
\theorem@inframepostskip=\toks31
\theoremindent=\dimen112
\theorem@indent=\dimen113
\theoremrightindent=\dimen114
\theorem@rightindent=\dimen115
\theoremheaderfont=\toks32
\theoremseparator=\toks33
\theoremprework=\toks34
\theorempostwork=\toks35
\theoremsymbol=\toks36
\qedsymbol=\toks37
\theoremkeyword=\toks38
\qedsymbol=\toks39
\thm@topsep=\skip52
\thm@topsepadd=\skip53
Package ntheorem Info: Option `thmmarks' loaded on input line 1175.
\c@endNonectr=\count101
\c@currNonectr=\count102
\mysavskip=\skip54
)
("C:\Users\Balazs\AppData\Local\Programs\MiKTeX 2.9\tex\latex\graphics\graphics
.sty"
Package: graphics 2017/06/25 v1.2c Standard LaTeX Graphics (DPC,SPQR)

("C:\Users\Balazs\AppData\Local\Programs\MiKTeX 2.9\tex\latex\graphics\trig.sty
"
Package: trig 2016/01/03 v1.10 sin cos tan (DPC)
)
("C:\Users\Balazs\AppData\Local\Programs\MiKTeX 2.9\tex\latex\graphics-cfg\grap
hics.cfg"
File: graphics.cfg 2016/06/04 v1.11 sample graphics configuration
)
Package graphics Info: Driver file: pdftex.def on input line 99.

("C:\Users\Balazs\AppData\Local\Programs\MiKTeX 2.9\tex\latex\graphics-def\pdft
ex.def"
File: pdftex.def 2018/01/08 v1.0l Graphics/color driver for pdftex
))
("C:\Users\Balazs\AppData\Local\Programs\MiKTeX 2.9\tex\latex\graphics\epsfig.s
ty"
Package: epsfig 2017/06/25 v1.7b (e)psfig emulation (SPQR)

("C:\Users\Balazs\AppData\Local\Programs\MiKTeX 2.9\tex\latex\graphics\graphicx
.sty"
Package: graphicx 2017/06/01 v1.1a Enhanced LaTeX Graphics (DPC,SPQR)

("C:\Users\Balazs\AppData\Local\Programs\MiKTeX 2.9\tex\latex\graphics\keyval.s
ty"
Package: keyval 2014/10/28 v1.15 key=value parser (DPC)
\KV@toks@=\toks40
)
\Gin@req@height=\dimen116
\Gin@req@width=\dimen117
)
\epsfxsize=\dimen118
\epsfysize=\dimen119
)
("C:\Users\Balazs\AppData\Local\Programs\MiKTeX 2.9\tex\latex\listings\listings
.sty"
\lst@mode=\count103
\lst@gtempboxa=\box28
\lst@token=\toks41
\lst@length=\count104
\lst@currlwidth=\dimen120
\lst@column=\count105
\lst@pos=\count106
\lst@lostspace=\dimen121
\lst@width=\dimen122
\lst@newlines=\count107
\lst@lineno=\count108
\lst@maxwidth=\dimen123

("C:\Users\Balazs\AppData\Local\Programs\MiKTeX 2.9\tex\latex\listings\lstmisc.
sty"
File: lstmisc.sty 2018/09/02 1.7 (Carsten Heinz)
\c@lstnumber=\count109
\lst@skipnumbers=\count110
\lst@framebox=\box29
)
("C:\Users\Balazs\AppData\Local\Programs\MiKTeX 2.9\tex\latex\listings\listings
.cfg"
File: listings.cfg 2018/09/02 1.7 listings configuration
))
Package: listings 2018/09/02 1.7 (Carsten Heinz)

("C:\Users\Balazs\AppData\Local\Programs\MiKTeX 2.9\tex\latex\graphics\color.st
y"
Package: color 2016/07/10 v1.1e Standard LaTeX Color (DPC)

("C:\Users\Balazs\AppData\Local\Programs\MiKTeX 2.9\tex\latex\graphics-cfg\colo
r.cfg"
File: color.cfg 2016/01/02 v1.6 sample color configuration
)
Package color Info: Driver file: pdftex.def on input line 147.
)
("C:\Users\Balazs\AppData\Local\Programs\MiKTeX 2.9\tex\latex\xcolor\xcolor.sty
"
Package: xcolor 2016/05/11 v2.12 LaTeX color extensions (UK)

("C:\Users\Balazs\AppData\Local\Programs\MiKTeX 2.9\tex\latex\graphics-cfg\colo
r.cfg"
File: color.cfg 2016/01/02 v1.6 sample color configuration
)
Package xcolor Info: Driver file: pdftex.def on input line 225.
LaTeX Info: Redefining \color on input line 709.
Package xcolor Info: Model `cmy' substituted by `cmy0' on input line 1348.
Package xcolor Info: Model `hsb' substituted by `rgb' on input line 1352.
Package xcolor Info: Model `RGB' extended on input line 1364.
Package xcolor Info: Model `HTML' substituted by `rgb' on input line 1366.
Package xcolor Info: Model `Hsb' substituted by `hsb' on input line 1367.
Package xcolor Info: Model `tHsb' substituted by `hsb' on input line 1368.
Package xcolor Info: Model `HSB' substituted by `hsb' on input line 1369.
Package xcolor Info: Model `Gray' substituted by `gray' on input line 1370.
Package xcolor Info: Model `wave' substituted by `hsb' on input line 1371.
)
("C:\Users\Balazs\AppData\Local\Programs\MiKTeX 2.9\tex\latex\lastpage\lastpage
.sty"
Package: lastpage 2015/03/29 v1.2m Refers to last page's name (HMM; JPG)
)
("C:\Users\Balazs\AppData\Local\Programs\MiKTeX 2.9\tex\latex\anysize\anysize.s
ty"
Package: anysize 1994/08/13 setting margin sizes

document style option `anysize' loaded
Michael Salzenberg, Thomas Esser, Dirk Hillbrecht
Version 1.0, Aug 13, 1994
\@Leftmargin=\dimen124
\@Rightmargin=\dimen125
\@Topmargin=\dimen126
\@Bottommargin=\dimen127
)
("C:\Users\Balazs\AppData\Local\Programs\MiKTeX 2.9\tex\generic\babel\babel.sty
"
Package: babel 2018/09/26 3.24 The Babel package

("C:\Users\Balazs\AppData\Local\Programs\MiKTeX 2.9\tex\generic\babel\switch.de
f"
File: switch.def 2018/09/26 3.24 Babel switching mechanism
)
*************************************
* Local config file bblopts.cfg used
*
("C:\Users\Balazs\AppData\Local\Programs\MiKTeX 2.9\tex\latex\arabi\bblopts.cfg
"
File: bblopts.cfg 2005/09/08 v0.1 add Arabic and Farsi to "declared" options of
 babel
) (magyar.ldf
Language: magyar 2007/10/19 v1.5 Magyar support from the babel v3.7 system

("C:\Users\Balazs\AppData\Local\Programs\MiKTeX 2.9\tex\generic\babel\babel.def
"
File: babel.def 2018/09/26 3.24 Babel common definitions
\babel@savecnt=\count111
\U@D=\dimen128

("C:\Users\Balazs\AppData\Local\Programs\MiKTeX 2.9\tex\generic\babel\txtbabel.
def")
\bbl@dirlevel=\count112
)
Package babel Info: Making ` an active character on input line 2609.
\c@footnote@add=\count113
\c@footnote@ch=\count114
))
("C:\Users\Balazs\AppData\Local\Programs\MiKTeX 2.9\tex\latex\sectsty\sectsty.s
ty"
Package: sectsty 2002/02/25 v2.0.2 Commands to change all sectional heading sty
les
)
("C:\Users\Balazs\AppData\Local\Programs\MiKTeX 2.9\tex\latex\setspace\setspace
.sty"
Package: setspace 2011/12/19 v6.7a set line spacing
)
("C:\Users\Balazs\AppData\Local\Programs\MiKTeX 2.9\tex\latex\caption\caption.s
ty"
Package: caption 2018/10/06 v3.3-154 Customizing captions (AR)

("C:\Users\Balazs\AppData\Local\Programs\MiKTeX 2.9\tex\latex\caption\caption3.
sty"
Package: caption3 2018/09/12 v1.8c caption3 kernel (AR)
Package caption3 Info: TeX engine: e-TeX on input line 64.
\captionmargin=\dimen129
\captionmargin@=\dimen130
\captionwidth=\dimen131
\caption@tempdima=\dimen132
\caption@indent=\dimen133
\caption@parindent=\dimen134
\caption@hangindent=\dimen135
Package caption Info: magyar babel option is loaded.
)
\c@caption@flags=\count115
\c@ContinuedFloat=\count116
Package caption Info: magyar babel option is loaded.
Package caption Info: listings package is loaded.
)
("C:\Users\Balazs\AppData\Local\Programs\MiKTeX 2.9\tex\latex\hyperref\hyperref
.sty"
Package: hyperref 2018/09/30 v6.88a Hypertext links for LaTeX

("C:\Users\Balazs\AppData\Local\Programs\MiKTeX 2.9\tex\generic\oberdiek\hobsub
-hyperref.sty"
Package: hobsub-hyperref 2016/05/16 v1.14 Bundle oberdiek, subset hyperref (HO)


("C:\Users\Balazs\AppData\Local\Programs\MiKTeX 2.9\tex\generic\oberdiek\hobsub
-generic.sty"
Package: hobsub-generic 2016/05/16 v1.14 Bundle oberdiek, subset generic (HO)
Package: hobsub 2016/05/16 v1.14 Construct package bundles (HO)
Package: infwarerr 2016/05/16 v1.4 Providing info/warning/error messages (HO)
Package: ltxcmds 2016/05/16 v1.23 LaTeX kernel commands for general use (HO)
Package: ifluatex 2016/05/16 v1.4 Provides the ifluatex switch (HO)
Package ifluatex Info: LuaTeX not detected.
Package: ifvtex 2016/05/16 v1.6 Detect VTeX and its facilities (HO)
Package ifvtex Info: VTeX not detected.
Package: intcalc 2016/05/16 v1.2 Expandable calculations with integers (HO)
Package: ifpdf 2018/09/07 v3.3 Provides the ifpdf switch
Package: etexcmds 2016/05/16 v1.6 Avoid name clashes with e-TeX commands (HO)
Package etexcmds Info: Could not find \expanded.
(etexcmds)             That can mean that you are not using pdfTeX 1.50 or
(etexcmds)             that some package has redefined \expanded.
(etexcmds)             In the latter case, load this package earlier.
Package: kvsetkeys 2016/05/16 v1.17 Key value parser (HO)
Package: kvdefinekeys 2016/05/16 v1.4 Define keys (HO)
Package: pdftexcmds 2018/09/10 v0.29 Utility functions of pdfTeX for LuaTeX (HO
)
Package pdftexcmds Info: LuaTeX not detected.
Package pdftexcmds Info: \pdf@primitive is available.
Package pdftexcmds Info: \pdf@ifprimitive is available.
Package pdftexcmds Info: \pdfdraftmode found.
Package: pdfescape 2016/05/16 v1.14 Implements pdfTeX's escape features (HO)
Package: bigintcalc 2016/05/16 v1.4 Expandable calculations on big integers (HO
)
Package: bitset 2016/05/16 v1.2 Handle bit-vector datatype (HO)
Package: uniquecounter 2016/05/16 v1.3 Provide unlimited unique counter (HO)
)
Package hobsub Info: Skipping package `hobsub' (already loaded).
Package: letltxmacro 2016/05/16 v1.5 Let assignment for LaTeX macros (HO)
Package: hopatch 2016/05/16 v1.3 Wrapper for package hooks (HO)
Package: xcolor-patch 2016/05/16 xcolor patch
Package: atveryend 2016/05/16 v1.9 Hooks at the very end of document (HO)
Package atveryend Info: \enddocument detected (standard20110627).
Package: atbegshi 2016/06/09 v1.18 At begin shipout hook (HO)
Package: refcount 2016/05/16 v3.5 Data extraction from label references (HO)
Package: hycolor 2016/05/16 v1.8 Color options for hyperref/bookmark (HO)
)
("C:\Users\Balazs\AppData\Local\Programs\MiKTeX 2.9\tex\generic\ifxetex\ifxetex
.sty"
Package: ifxetex 2010/09/12 v0.6 Provides ifxetex conditional
)
("C:\Users\Balazs\AppData\Local\Programs\MiKTeX 2.9\tex\latex\oberdiek\auxhook.
sty"
Package: auxhook 2016/05/16 v1.4 Hooks for auxiliary files (HO)
)
("C:\Users\Balazs\AppData\Local\Programs\MiKTeX 2.9\tex\latex\oberdiek\kvoption
s.sty"
Package: kvoptions 2016/05/16 v3.12 Key value format for package options (HO)
)
\@linkdim=\dimen136
\Hy@linkcounter=\count117
\Hy@pagecounter=\count118

("C:\Users\Balazs\AppData\Local\Programs\MiKTeX 2.9\tex\latex\hyperref\pd1enc.d
ef"
File: pd1enc.def 2018/09/30 v6.88a Hyperref: PDFDocEncoding definition (HO)
Now handling font encoding PD1 ...
... no UTF-8 mapping file for font encoding PD1
)
\Hy@SavedSpaceFactor=\count119

("C:\Users\Balazs\AppData\Local\Programs\MiKTeX 2.9\tex\latex\00miktex\hyperref
.cfg"
File: hyperref.cfg 2002/06/06 v1.2 hyperref configuration of TeXLive
)
Package hyperref Info: Hyper figures OFF on input line 4535.
Package hyperref Info: Link nesting OFF on input line 4540.
Package hyperref Info: Hyper index ON on input line 4543.
Package hyperref Info: Plain pages OFF on input line 4550.
Package hyperref Info: Backreferencing OFF on input line 4555.
Package hyperref Info: Implicit mode ON; LaTeX internals redefined.
Package hyperref Info: Bookmarks ON on input line 4788.
\c@Hy@tempcnt=\count120
 ("C:\Users\Balazs\AppData\Local\Programs\MiKTeX 2.9\tex\latex\url\url.sty"
\Urlmuskip=\muskip11
Package: url 2013/09/16  ver 3.4  Verb mode for urls, etc.
)
LaTeX Info: Redefining \url on input line 5141.
\XeTeXLinkMargin=\dimen137
\Fld@menulength=\count121
\Field@Width=\dimen138
\Fld@charsize=\dimen139
Package hyperref Info: Hyper figures OFF on input line 6396.
Package hyperref Info: Link nesting OFF on input line 6401.
Package hyperref Info: Hyper index ON on input line 6404.
Package hyperref Info: backreferencing OFF on input line 6411.
Package hyperref Info: Link coloring OFF on input line 6416.
Package hyperref Info: Link coloring with OCG OFF on input line 6421.
Package hyperref Info: PDF/A mode OFF on input line 6426.
LaTeX Info: Redefining \ref on input line 6466.
LaTeX Info: Redefining \pageref on input line 6470.
\Hy@abspage=\count122
\c@Item=\count123
\c@Hfootnote=\count124
)
Package hyperref Info: Driver (autodetected): hpdftex.

("C:\Users\Balazs\AppData\Local\Programs\MiKTeX 2.9\tex\latex\hyperref\hpdftex.
def"
File: hpdftex.def 2018/09/30 v6.88a Hyperref driver for pdfTeX
\Fld@listcount=\count125
\c@bookmark@seq@number=\count126

("C:\Users\Balazs\AppData\Local\Programs\MiKTeX 2.9\tex\latex\oberdiek\rerunfil
echeck.sty"
Package: rerunfilecheck 2016/05/16 v1.8 Rerun checks for auxiliary files (HO)
Package uniquecounter Info: New unique counter `rerunfilecheck' on input line 2
82.
)
\Hy@SectionHShift=\skip55
)
("C:\Users\Balazs\AppData\Local\Programs\MiKTeX 2.9\tex\latex\caption\subcaptio
n.sty"
Package: subcaption 2018/05/01 v1.1-162 Sub-captions (AR)
\c@subfigure=\count127
\c@subtable=\count128
)
("C:\Users\Balazs\AppData\Local\Programs\MiKTeX 2.9\tex\latex\multirow\multirow
.sty"
Package: multirow 2018/08/03 v2.3 Span multiple rows of a table
\multirow@colwidth=\skip56
\multirow@cntb=\count129
\multirow@dima=\skip57
\bigstrutjot=\dimen140
)
("C:\Users\Balazs\AppData\Local\Programs\MiKTeX 2.9\tex\latex\tools\longtable.s
ty"
Package: longtable 2014/10/28 v4.11 Multi-page Table package (DPC)
\LTleft=\skip58
\LTright=\skip59
\LTpre=\skip60
\LTpost=\skip61
\LTchunksize=\count130
\LTcapwidth=\dimen141
\LT@head=\box30
\LT@firsthead=\box31
\LT@foot=\box32
\LT@lastfoot=\box33
\LT@cols=\count131
\LT@rows=\count132
\c@LT@tables=\count133
\c@LT@chunks=\count134
\LT@p@ftn=\toks42
)

Package hyperref Warning: Option `bookmarks' has already been used,
(hyperref)                setting the option has no effect on input line 81.

Package hyperref Info: Option `unicode' set `false' on input line 81.

Package hyperref Warning: Glyph not defined in PD1 encoding,
(hyperref)                removing `\H' on input line 81.


Package hyperref Warning: Glyph not defined in PD1 encoding,
(hyperref)                removing `\H' on input line 81.

Package hyperref Info: Option `pdfnewwindow' set `true' on input line 81.
Package hyperref Info: Option `colorlinks' set `true' on input line 81.

("C:\Users\Balazs\AppData\Local\Programs\MiKTeX 2.9\tex\latex\listings\lstlang1
.sty"
File: lstlang1.sty 2018/09/02 1.7 listings language file
) (Diplomaterv.aux (titlepage.aux) (declaration.aux) (abstract.aux)
(introduction.aux) (chapter1.aux) (chapter2.aux) (chapter3.aux) (chapter4.aux)
(chapter5.aux) (chapter6.aux) (overall.aux) (acknowledgement.aux)
(appendices.aux))
\openout1 = `Diplomaterv.aux'.

LaTeX Font Info:    Checking defaults for OML/cmm/m/it on input line 188.
LaTeX Font Info:    ... okay on input line 188.
LaTeX Font Info:    Checking defaults for T1/cmr/m/n on input line 188.
LaTeX Font Info:    ... okay on input line 188.
LaTeX Font Info:    Checking defaults for OT1/cmr/m/n on input line 188.
LaTeX Font Info:    ... okay on input line 188.
LaTeX Font Info:    Checking defaults for OMS/cmsy/m/n on input line 188.
LaTeX Font Info:    ... okay on input line 188.
LaTeX Font Info:    Checking defaults for OMX/cmex/m/n on input line 188.
LaTeX Font Info:    ... okay on input line 188.
LaTeX Font Info:    Checking defaults for U/cmr/m/n on input line 188.
LaTeX Font Info:    ... okay on input line 188.
LaTeX Font Info:    Checking defaults for PD1/pdf/m/n on input line 188.
LaTeX Font Info:    ... okay on input line 188.

("C:\Users\Balazs\AppData\Local\Programs\MiKTeX 2.9\tex\context\base\supp-pdf.m
kii"
[Loading MPS to PDF converter (version 2006.09.02).]
\scratchcounter=\count135
\scratchdimen=\dimen142
\scratchbox=\box34
\nofMPsegments=\count136
\nofMParguments=\count137
\everyMPshowfont=\toks43
\MPscratchCnt=\count138
\MPscratchDim=\dimen143
\MPnumerator=\count139
\makeMPintoPDFobject=\count140
\everyMPtoPDFconversion=\toks44
)
("C:\Users\Balazs\AppData\Local\Programs\MiKTeX 2.9\tex\latex\oberdiek\epstopdf
-base.sty"
Package: epstopdf-base 2016/05/15 v2.6 Base part for package epstopdf

("C:\Users\Balazs\AppData\Local\Programs\MiKTeX 2.9\tex\latex\oberdiek\grfext.s
ty"
Package: grfext 2016/05/16 v1.2 Manage graphics extensions (HO)
)
Package epstopdf-base Info: Redefining graphics rule for `.eps' on input line 4
38.
Package grfext Info: Graphics extension search list:
(grfext)             [.pdf,.png,.jpg,.mps,.jpeg,.jbig2,.jb2,.PDF,.PNG,.JPG,.JPE
G,.JBIG2,.JB2,.eps]
(grfext)             \AppendGraphicsExtensions on input line 456.
)
\c@lstlisting=\count141
Package lastpage Info: Please have a look at the pageslts package at
(lastpage)             https://www.ctan.org/pkg/pageslts
(lastpage)             ! on input line 188.


LaTeX Warning: Please use \usepackage[latin2]{inputenc} with
               \usepackage[magyar]{babel}.

Package caption Info: Begin \AtBeginDocument code.
Package caption Info: hyperref package is loaded.
Package caption Info: longtable package is loaded.

("C:\Users\Balazs\AppData\Local\Programs\MiKTeX 2.9\tex\latex\caption\ltcaption
.sty"
Package: ltcaption 2018/08/26 v1.4-95 longtable captions (AR)
)
Package caption Info: End \AtBeginDocument code.
\AtBeginShipoutBox=\box35
Package hyperref Info: Link coloring ON on input line 188.

("C:\Users\Balazs\AppData\Local\Programs\MiKTeX 2.9\tex\latex\hyperref\nameref.
sty"
Package: nameref 2016/05/21 v2.44 Cross-referencing by name of section

("C:\Users\Balazs\AppData\Local\Programs\MiKTeX 2.9\tex\generic\oberdiek\gettit
lestring.sty"
Package: gettitlestring 2016/05/16 v1.5 Cleanup title references (HO)
)
\c@section@level=\count142
)
LaTeX Info: Redefining \ref on input line 188.
LaTeX Info: Redefining \pageref on input line 188.
LaTeX Info: Redefining \nameref on input line 188.
 (Diplomaterv.out) (Diplomaterv.out)
\@outlinefile=\write3
\openout3 = `Diplomaterv.out'.


("C:\Users\Balazs\AppData\Local\Programs\MiKTeX 2.9\tex\latex\base\report.cls"
LaTeX Info: Redefining \cal on input line 576.
LaTeX Info: Redefining \mit on input line 577.
)
\openout2 = `titlepage.aux'.

(titlepage.tex
<figures/BMElogo.png, id=227, 975.645pt x 273.02pt>
File: figures/BMElogo.png Graphic file (type png)
<use figures/BMElogo.png>
Package pdftex.def Info: figures/BMElogo.png  used on input line 6.
(pdftex.def)             Requested size: 170.71652pt x 47.77087pt.
LaTeX Font Info:    Try loading font information for U+msa on input line 18.

("C:\Users\Balazs\AppData\Local\Programs\MiKTeX 2.9\tex\latex\amsfonts\umsa.fd"
File: umsa.fd 2013/01/14 v3.01 AMS symbols A
)
LaTeX Font Info:    Try loading font information for U+msb on input line 18.
 ("C:\Users\Balazs\AppData\Local\Programs\MiKTeX 2.9\tex\latex\amsfonts\umsb.fd
"
File: umsb.fd 2013/01/14 v3.01 AMS symbols B
) [1



{C:/Users/Balazs/AppData/Local/MiKTeX/2.9/pdftex/config/pdftex.map} <./figures/
BMElogo.png>]) (Diplomaterv.tocpdfTeX warning (ext4): destination with the same
 identifier (name{page.1}) has been already used, duplicate ignored
<to be read again> 
                   \relax 
l.31 ...mberline {4.1.2}EMC}{20}{subsection.4.1.2}
                                                   [1


])
\tf@toc=\write4
\openout4 = `Diplomaterv.toc'.

 [2]
\openout2 = `declaration.aux'.

 (declaration.tex
[3

])
\openout2 = `abstract.aux'.

 (abstract.tex [4




]) [5

]
\openout2 = `introduction.aux'.

 (introduction.tex

Package hyperref Warning: Glyph not defined in PD1 encoding,
(hyperref)                removing `\H' on input line 2.

) [6



]
\openout2 = `chapter1.aux'.

 (chapter1.tex
1. fejezet.

Package hyperref Warning: Glyph not defined in PD1 encoding,
(hyperref)                removing `\H' on input line 6.

[7



]
<figures/1_2_1_ceer_eves.png, id=370, 804.00375pt x 423.08063pt>
File: figures/1_2_1_ceer_eves.png Graphic file (type png)
<use figures/1_2_1_ceer_eves.png>
Package pdftex.def Info: figures/1_2_1_ceer_eves.png  used on input line 20.
(pdftex.def)             Requested size: 369.88582pt x 194.63881pt.
) [8 <./figures/1_2_1_ceer_eves.png>]
\openout2 = `chapter2.aux'.

 (chapter2.tex
2. fejezet.
<figures/2_1_0_CRTU_FAMILY.png, id=378, 1003.75pt x 669.50125pt>
File: figures/2_1_0_CRTU_FAMILY.png Graphic file (type png)
<use figures/2_1_0_CRTU_FAMILY.png>
Package pdftex.def Info: figures/2_1_0_CRTU_FAMILY.png  used on input line 7.
(pdftex.def)             Requested size: 284.52756pt x 189.77805pt.
<figures/2_1_1_crtu_alap.png, id=379, 240.462pt x 232.2495pt>
File: figures/2_1_1_crtu_alap.png Graphic file (type png)
<use figures/2_1_1_crtu_alap.png>
Package pdftex.def Info: figures/2_1_1_crtu_alap.png  used on input line 19.
(pdftex.def)             Requested size: 284.52756pt x 274.8352pt.
[9



 <./figures/2_1_0_CRTU_FAMILY.png>]

Package hyperref Warning: Glyph not defined in PD1 encoding,
(hyperref)                removing `\H' on input line 30.

[10 <./figures/2_1_1_crtu_alap.png>]) [11]
\openout2 = `chapter3.aux'.

 (chapter3.tex
3. fejezet.

Package hyperref Warning: Glyph not defined in PD1 encoding,
(hyperref)                removing `\H' on input line 2.


LaTeX Warning: Command \textdegree invalid in math mode on input line 22.


LaTeX Warning: Command \textdegree invalid in math mode on input line 23.


LaTeX Warning: Command \textdegree invalid in math mode on input line 23.

[12



]

Package hyperref Warning: Glyph not defined in PD1 encoding,
(hyperref)                removing `\H' on input line 55.


Package hyperref Warning: Glyph not defined in PD1 encoding,
(hyperref)                removing `\H' on input line 55.

[13]
<figures/3_2_1_aram_valto.png, id=417, 302.63063pt x 191.9672pt>
File: figures/3_2_1_aram_valto.png Graphic file (type png)
<use figures/3_2_1_aram_valto.png>
Package pdftex.def Info: figures/3_2_1_aram_valto.png  used on input line 76.
(pdftex.def)             Requested size: 284.52756pt x 180.48433pt.
 [14 <./figures/3_2_1_aram_valto.png>]

Package hyperref Warning: Glyph not defined in PD1 encoding,
(hyperref)                removing `\H' on input line 89.


Package hyperref Warning: Glyph not defined in PD1 encoding,
(hyperref)                removing `\H' on input line 89.


Package hyperref Warning: Glyph not defined in PD1 encoding,
(hyperref)                removing `\H' on input line 95.

[15]

Package hyperref Warning: Glyph not defined in PD1 encoding,
(hyperref)                removing `\H' on input line 119.

<figures/3_4_1_rendszer.png, id=427, 684.30656pt x 514.92375pt>
File: figures/3_4_1_rendszer.png Graphic file (type png)
<use figures/3_4_1_rendszer.png>
Package pdftex.def Info: figures/3_4_1_rendszer.png  used on input line 132.
(pdftex.def)             Requested size: 369.88582pt x 278.33754pt.
[16]
<figures/3_4_2_rendszer_sontos.png, id=433, 509.65407pt x 509.65407pt>
File: figures/3_4_2_rendszer_sontos.png Graphic file (type png)
<use figures/3_4_2_rendszer_sontos.png>
Package pdftex.def Info: figures/3_4_2_rendszer_sontos.png  used on input line 
155.
(pdftex.def)             Requested size: 369.88582pt x 369.90578pt.


LaTeX Warning: Command \textdegree invalid in math mode on input line 178.


LaTeX Warning: `h' float specifier changed to `ht'.

[17 <./figures/3_4_1_rendszer.png>] [18 <./figures/3_4_2_rendszer_sontos.png>])
[19]
\openout2 = `chapter4.aux'.

 (chapter4.tex
4. fejezet.
<figures/4_1_1_1_szigkoord.png, id=477, 662.5845pt x 275.94pt>
File: figures/4_1_1_1_szigkoord.png Graphic file (type png)
<use figures/4_1_1_1_szigkoord.png>
Package pdftex.def Info: figures/4_1_1_1_szigkoord.png  used on input line 19.
(pdftex.def)             Requested size: 426.79134pt x 177.74625pt.
[20



] [21 <./figures/4_1_1_1_szigkoord.png>]
<figures/4_1_2_emc_fa.png, id=493, 402.50375pt x 221.82875pt>
File: figures/4_1_2_emc_fa.png Graphic file (type png)
<use figures/4_1_2_emc_fa.png>
Package pdftex.def Info: figures/4_1_2_emc_fa.png  used on input line 61.
(pdftex.def)             Requested size: 284.52756pt x 156.80899pt.
 [22 <./figures/4_1_2_emc_fa.png>]
<figures/4_1_2_2_ISOLATED_EMISSION_REDUCTION.PNG, id=505, 446.41782pt x 313.922
8pt>
File: figures/4_1_2_2_ISOLATED_EMISSION_REDUCTION.PNG Graphic file (type png)
<use figures/4_1_2_2_ISOLATED_EMISSION_REDUCTION.PNG>
Package pdftex.def Info: figures/4_1_2_2_ISOLATED_EMISSION_REDUCTION.PNG  used 
on input line 92.
(pdftex.def)             Requested size: 426.79134pt x 300.12662pt.
<figures/4_1_2_3_Stitching.PNG, id=506, 459.96844pt x 212.29312pt>
File: figures/4_1_2_3_Stitching.PNG Graphic file (type png)
<use figures/4_1_2_3_Stitching.PNG>
Package pdftex.def Info: figures/4_1_2_3_Stitching.PNG  used on input line 100.

(pdftex.def)             Requested size: 426.79134pt x 196.99326pt.

[23] [24 <./figures/4_1_2_2_ISOLATED_EMISSION_REDUCTION.PNG> <./figures/4_1_2_3
_Stitching.PNG>]
<figures/4_1_3_4_ESD_SETUP.png, id=524, 397.485pt x 365.11406pt>
File: figures/4_1_3_4_ESD_SETUP.png Graphic file (type png)
<use figures/4_1_3_4_ESD_SETUP.png>
Package pdftex.def Info: figures/4_1_3_4_ESD_SETUP.png  used on input line 130.

(pdftex.def)             Requested size: 426.79134pt x 392.04427pt.
<figures/4_1_3_5_ESD_V.png, id=525, 1919.17pt x 1742.51pt>
File: figures/4_1_3_5_ESD_V.png Graphic file (type png)
<use figures/4_1_3_5_ESD_V.png>
Package pdftex.def Info: figures/4_1_3_5_ESD_V.png  used on input line 138.
(pdftex.def)             Requested size: 188.00417pt x 170.71652pt.
<figures/4_1_3_6_ESD_H.png, id=526, 2256.43pt x 2003.485pt>
File: figures/4_1_3_6_ESD_H.png Graphic file (type png)
<use figures/4_1_3_6_ESD_H.png>
Package pdftex.def Info: figures/4_1_3_6_ESD_H.png  used on input line 144.
(pdftex.def)             Requested size: 192.25882pt x 170.71652pt.

Overfull \hbox (4.84323pt too wide) in paragraph at lines 136--147
 [][]  [] 
 []

<figures/4_1_3_1_BURSTSURGE_SETUP.png, id=527, 4015.0pt x 3011.25pt>
File: figures/4_1_3_1_BURSTSURGE_SETUP.png Graphic file (type png)
<use figures/4_1_3_1_BURSTSURGE_SETUP.png>
Package pdftex.def Info: figures/4_1_3_1_BURSTSURGE_SETUP.png  used on input li
ne 160.
(pdftex.def)             Requested size: 426.79134pt x 320.07318pt.
<figures/4_1_3_2_BURST_SIM.png, id=528, 4015.0pt x 3011.25pt>
File: figures/4_1_3_2_BURST_SIM.png Graphic file (type png)
<use figures/4_1_3_2_BURST_SIM.png>
Package pdftex.def Info: figures/4_1_3_2_BURST_SIM.png  used on input line 166.

(pdftex.def)             Requested size: 426.79134pt x 320.07318pt.
<figures/4_1_3_3_SURGE.png, id=529, 2135.98pt x 590.205pt>
File: figures/4_1_3_3_SURGE.png Graphic file (type png)
<use figures/4_1_3_3_SURGE.png>
Package pdftex.def Info: figures/4_1_3_3_SURGE.png  used on input line 182.
(pdftex.def)             Requested size: 426.79134pt x 117.92183pt.
[25] [26 <./figures/4_1_3_4_ESD_SETUP.png> <./figures/4_1_3_5_ESD_V.png> <./fig
ures/4_1_3_6_ESD_H.png>]
<figures/4_1_3_7_RF.png, id=551, 3075.49pt x 2537.48pt>
File: figures/4_1_3_7_RF.png Graphic file (type png)
<use figures/4_1_3_7_RF.png>
Package pdftex.def Info: figures/4_1_3_7_RF.png  used on input line 196.
(pdftex.def)             Requested size: 426.79134pt x 352.10857pt.
 [27 <./figures/4_1_3_1_BURSTSURGE_SETUP.png>] [28 <./figures/4_1_3_2_BURST_SIM
.png> <./figures/4_1_3_3_SURGE.png>] [29 <./figures/4_1_3_7_RF.png>]
<figures/4_2_1_konstr_expl.png, id=577, 1003.75pt x 752.8125pt>
File: figures/4_2_1_konstr_expl.png Graphic file (type png)
<use figures/4_2_1_konstr_expl.png>
Package pdftex.def Info: figures/4_2_1_konstr_expl.png  used on input line 227.

(pdftex.def)             Requested size: 426.79134pt x 320.09615pt.
<figures/4_2_2_konstr_compl.png, id=578, 800.9925pt x 601.24625pt>
File: figures/4_2_2_konstr_compl.png Graphic file (type png)
<use figures/4_2_2_konstr_compl.png>
Package pdftex.def Info: figures/4_2_2_konstr_compl.png  used on input line 235
.
(pdftex.def)             Requested size: 426.79134pt x 320.3654pt.
 [30 <./figures/4_2_1_konstr_expl.png>] [31 <./figures/4_2_2_konstr_compl.png>]
<figures/4_3_1_kapcsrajz.png, id=595, 1073.51062pt x 219.82124pt>
File: figures/4_3_1_kapcsrajz.png Graphic file (type png)
<use figures/4_3_1_kapcsrajz.png>
Package pdftex.def Info: figures/4_3_1_kapcsrajz.png  used on input line 253.
(pdftex.def)             Requested size: 426.79134pt x 87.39362pt.
<figures/4_3_2_kapcsrajz2.png, id=596, 541.27219pt x 369.63094pt>
File: figures/4_3_2_kapcsrajz2.png Graphic file (type png)
<use figures/4_3_2_kapcsrajz2.png>
Package pdftex.def Info: figures/4_3_2_kapcsrajz2.png  used on input line 259.
(pdftex.def)             Requested size: 426.79134pt x 291.46378pt.
 [32 <./figures/4_3_1_kapcsrajz.png> <./figures/4_3_2_kapcsrajz2.png>]
<figures/4_3_5_CURR_INPUT.PNG, id=608, 608.2725pt x 187.45032pt>
File: figures/4_3_5_CURR_INPUT.PNG Graphic file (type png)
<use figures/4_3_5_CURR_INPUT.PNG>
Package pdftex.def Info: figures/4_3_5_CURR_INPUT.PNG  used on input line 288.
(pdftex.def)             Requested size: 426.79134pt x 131.52608pt.
 [33 <./figures/4_3_5_CURR_INPUT.PNG>]
<figures/4_3_4_VOLT_INPUT.PNG, id=623, 596.2275pt x 192.72pt>
File: figures/4_3_4_VOLT_INPUT.PNG Graphic file (type png)
<use figures/4_3_4_VOLT_INPUT.PNG>
Package pdftex.def Info: figures/4_3_4_VOLT_INPUT.PNG  used on input line 313.
(pdftex.def)             Requested size: 426.79134pt x 137.95253pt.
<figures/4_3_1_tipik_varistor.png, id=624, 76.78688pt x 114.4275pt>
File: figures/4_3_1_tipik_varistor.png Graphic file (type png)
<use figures/4_3_1_tipik_varistor.png>
Package pdftex.def Info: figures/4_3_1_tipik_varistor.png  used on input line 3
24.
(pdftex.def)             Requested size: 76.37659pt x 113.81102pt.
<figures/4_3_2_varistor_inside.png, id=625, 322.95656pt x 176.91093pt>
File: figures/4_3_2_varistor_inside.png Graphic file (type png)
<use figures/4_3_2_varistor_inside.png>
Package pdftex.def Info: figures/4_3_2_varistor_inside.png  used on input line 
330.
(pdftex.def)             Requested size: 207.76576pt x 113.81102pt.

Overfull \hbox (4.84323pt too wide) in paragraph at lines 322--333
 [][]  [] 
 []

[34 <./figures/4_3_4_VOLT_INPUT.PNG>]
<figures/4_4_1_CRPM3_PCB.png, id=631, 1148.79187pt x 603.75563pt>
File: figures/4_4_1_CRPM3_PCB.png Graphic file (type png)
<use figures/4_4_1_CRPM3_PCB.png>
Package pdftex.def Info: figures/4_4_1_CRPM3_PCB.png  used on input line 352.
(pdftex.def)             Requested size: 426.79134pt x 224.29813pt.
) [35 <./figures/4_3_1_tipik_varistor.png> <./figures/4_3_2_varistor_inside.png
>] [36 <./figures/4_4_1_CRPM3_PCB.png>]
\openout2 = `chapter5.aux'.


(chapter5.tex
5. fejezet.

("C:\Users\Balazs\AppData\Local\Programs\MiKTeX 2.9\tex\latex\listings\lstlang1
.sty"
File: lstlang1.sty 2018/09/02 1.7 listings language file
)
("C:\Users\Balazs\AppData\Local\Programs\MiKTeX 2.9\tex\latex\listings\lstmisc.
sty"
File: lstmisc.sty 2018/09/02 1.7 (Carsten Heinz)
)

LaTeX Warning: No positions in optional float specifier.
               Default added (so using `tbp') on input line 31.

[37



]
LaTeX Font Info:    Try loading font information for T1+cmtt on input line 48.

("C:\Users\Balazs\AppData\Local\Programs\MiKTeX 2.9\tex\latex\base\t1cmtt.fd"
File: t1cmtt.fd 2014/09/29 v2.5h Standard LaTeX font definitions
)
LaTeX Font Info:    Font shape `T1/cmtt/bx/n' in size <9> not available
(Font)              Font shape `T1/cmtt/m/n' tried instead on input line 49.

[38]
<figures/5_1_0_emul_eeprom.PNG, id=662, 618.81187pt x 445.665pt>
File: figures/5_1_0_emul_eeprom.PNG Graphic file (type png)
<use figures/5_1_0_emul_eeprom.PNG>
Package pdftex.def Info: figures/5_1_0_emul_eeprom.PNG  used on input line 90.
(pdftex.def)             Requested size: 426.79134pt x 307.38678pt.


LaTeX Warning: `h' float specifier changed to `ht'.

<figures/5_1_0_CUBEMX.png, id=663, 950.04938pt x 843.15pt>
File: figures/5_1_0_CUBEMX.png Graphic file (type png)
<use figures/5_1_0_CUBEMX.png>
Package pdftex.def Info: figures/5_1_0_CUBEMX.png  used on input line 100.
(pdftex.def)             Requested size: 426.79134pt x 378.77072pt.

Overfull \hbox (4.92308pt too wide) in paragraph at lines 104--105
\T1/cmr/m/n/10.95 A be-ágya-zott szoft-vert az STM32F303-as kont-rol-ler-re KDe
-ve-lop kör-nye-zet-ben ír-tam, STM32
 []

[39] [40 <./figures/5_1_0_emul_eeprom.PNG>]
Overfull \vbox (108.15288pt too high) has occurred while \output is active []


[41 <./figures/5_1_0_CUBEMX.png>] [42]

Package hyperref Warning: Glyph not defined in PD1 encoding,
(hyperref)                removing `\H' on input line 173.


Package hyperref Warning: Glyph not defined in PD1 encoding,
(hyperref)                removing `\H' on input line 173.

[43] [44]
<figures/5_1_1_dbg_serial.png, id=788, 292.09125pt x 505.89pt>
File: figures/5_1_1_dbg_serial.png Graphic file (type png)
<use figures/5_1_1_dbg_serial.png>
Package pdftex.def Info: figures/5_1_1_dbg_serial.png  used on input line 267.
(pdftex.def)             Requested size: 142.26378pt x 246.39844pt.
 [45] [46 <./figures/5_1_1_dbg_serial.png>]
<figures/5_3_1_CRWEB.png, id=823, 1024.57782pt x 683.55376pt>
File: figures/5_3_1_CRWEB.png Graphic file (type png)
<use figures/5_3_1_CRWEB.png>
Package pdftex.def Info: figures/5_3_1_CRWEB.png  used on input line 284.
(pdftex.def)             Requested size: 426.79134pt x 284.7334pt.
 [47 <./figures/5_3_1_CRWEB.png>]

LaTeX Warning: No positions in optional float specifier.
               Default added (so using `tbp') on input line 303.

) [48]
\openout2 = `chapter6.aux'.

 (chapter6.tex
6. fejezet.
) [49



]
\openout2 = `overall.aux'.

 (overall.tex) [50



]
\openout2 = `acknowledgement.aux'.

 (acknowledgement.tex) [51



] (Diplomaterv.lof)
\tf@lof=\write5
\openout5 = `Diplomaterv.lof'.

 [52


]
(Diplomaterv.lot)
\tf@lot=\write6
\openout6 = `Diplomaterv.lot'.

 (Diplomaterv.bbl [53

]
Underfull \hbox (badness 8113) in paragraph at lines 60--64
[]\T1/cmr/m/n/10.95 Schneider El-ectric.  Sch-ne-i-der leg-acy pro-ducts - 1645
1 (2018. no-vem-
 []


Underfull \hbox (badness 10000) in paragraph at lines 60--64
\T1/cmr/m/n/10.95 ber 21.).  [][]$\T1/cmtt/m/n/10.95 https : / / www . schneide
r-[]electric . com . au / en / product / 16451 /
 []

[54

]
Overfull \hbox (1.13582pt too wide) in paragraph at lines 70--73
[]\T1/cmr/m/n/10.95 AN4056, EEP-ROM emu-la-ti-on in STM32F30x/STM32F31x/STM32F3
7x/STM32F38x
 []

) [55]
\openout2 = `appendices.aux'.

 (appendices.tex) [56


]
\tf@thm=\write7
\openout7 = `Diplomaterv.thm'.

 
AED: lastpage setting LastPage
Package atveryend Info: Empty hook `BeforeClearDocument' on input line 247.
Package atveryend Info: Empty hook `AfterLastShipout' on input line 247.
(Diplomaterv.aux (titlepage.aux) (declaration.aux) (abstract.aux)
(introduction.aux) (chapter1.aux) (chapter2.aux) (chapter3.aux) (chapter4.aux)
(chapter5.aux) (chapter6.aux) (overall.aux) (acknowledgement.aux)
(appendices.aux))
Package atveryend Info: Executing hook `AtVeryEndDocument' on input line 247.
Package atveryend Info: Executing hook `AtEndAfterFileList' on input line 247.
Package rerunfilecheck Info: File `Diplomaterv.out' has not changed.
(rerunfilecheck)             Checksum: 7A76989D1BFC12698F0F2D7095D06DA4;4104.
Package atveryend Info: Empty hook `AtVeryVeryEnd' on input line 247.
 ) 
Here is how much of TeX's memory you used:
 12156 strings out of 492970
 187094 string characters out of 3126149
 550434 words of memory out of 3000000
 15351 multiletter control sequences out of 15000+200000
 26769 words of font info for 64 fonts, out of 3000000 for 9000
 1141 hyphenation exceptions out of 8191
 36i,10n,51p,2326b,1192s stack positions out of 5000i,500n,10000p,200000b,50000s
 <C:\Users\Balazs\AppData\Local\MiKTeX\2.9\fonts\pk\ljfour\jknappen\ec\dpi600
\ectt1095.pk> <C:\Users\Balazs\AppData\Local\MiKTeX\2.9\fonts\pk\ljfour\jknappe
n\ec\dpi600\ectt0900.pk> <C:\Users\Balazs\AppData\Local\MiKTeX\2.9\fonts\pk\ljf
our\jknappen\ec\dpi600\ecrm0600.pk> <C:\Users\Balazs\AppData\Local\MiKTeX\2.9\f
onts\pk\ljfour\jknappen\ec\dpi600\ecrm0800.pk> <C:\Users\Balazs\AppData\Local\M
iKTeX\2.9\fonts\pk\ljfour\jknappen\ec\dpi600\ecti0800.pk> <C:\Users\Balazs\AppD
ata\Local\MiKTeX\2.9\fonts\pk\ljfour\jknappen\ec\dpi600\ecti0900.pk> <C:\Users\
Balazs\AppData\Local\MiKTeX\2.9\fonts\pk\ljfour\jknappen\ec\dpi600\ecbx1000.pk>
 <C:\Users\Balazs\AppData\Local\MiKTeX\2.9\fonts\pk\ljfour\jknappen\ec\dpi600\e
cbx1200.pk> <C:\Users\Balazs\AppData\Local\MiKTeX\2.9\fonts\pk\ljfour\jknappen\
ec\dpi600\ecbx2488.pk> <C:\Users\Balazs\AppData\Local\MiKTeX\2.9\fonts\pk\ljfou
r\jknappen\ec\dpi600\ecrm1200.pk> <C:\Users\Balazs\AppData\Local\MiKTeX\2.9\fon
ts\pk\ljfour\jknappen\ec\dpi600\ecti1095.pk> <C:\Users\Balazs\AppData\Local\MiK
TeX\2.9\fonts\pk\ljfour\jknappen\ec\dpi600\eccc1440.pk> <C:\Users\Balazs\AppDat
a\Local\MiKTeX\2.9\fonts\pk\ljfour\jknappen\ec\dpi600\ecbx2074.pk> <C:\Users\Ba
lazs\AppData\Local\MiKTeX\2.9\fonts\pk\ljfour\jknappen\ec\dpi600\ecrm1095.pk> <
C:\Users\Balazs\AppData\Local\MiKTeX\2.9\fonts\pk\ljfour\jknappen\ec\dpi600\ecb
x1095.pk><C:/Users/Balazs/AppData/Local/Programs/MiKTeX 2.9/fonts/type1/public/
amsfonts/cm/cmmi10.pfb><C:/Users/Balazs/AppData/Local/Programs/MiKTeX 2.9/fonts
/type1/public/amsfonts/cm/cmr10.pfb><C:/Users/Balazs/AppData/Local/Programs/MiK
TeX 2.9/fonts/type1/public/amsfonts/cm/cmr9.pfb><C:/Users/Balazs/AppData/Local/
Programs/MiKTeX 2.9/fonts/type1/public/amsfonts/cm/cmsy10.pfb><C:/Users/Balazs/
AppData/Local/Programs/MiKTeX 2.9/fonts/type1/public/amsfonts/cm/cmsy8.pfb>
Output written on Diplomaterv.pdf (57 pages, 19796670 bytes).
PDF statistics:
 1695 PDF objects out of 1728 (max. 8388607)
 365 named destinations out of 1000 (max. 500000)
 604 words of extra memory for PDF output out of 10000 (max. 10000000)

